<?xml version="1.0" encoding="UTF-8"?>
<testsuite name="savetheking.game.QueenTest" tests="3" skipped="0" failures="0" errors="0" timestamp="2024-12-28T01:34:22" hostname="MacBookPro" time="0.003">
  <properties/>
  <testcase name="testQueenEdgeMoves()" classname="savetheking.game.QueenTest" time="0.001"/>
  <testcase name="testQueenCenterMoves()" classname="savetheking.game.QueenTest" time="0.0"/>
  <testcase name="testQueenBlockedMoves()" classname="savetheking.game.QueenTest" time="0.0"/>
  <system-out><![CDATA[]]></system-out>
  <system-err><![CDATA[]]></system-err>
</testsuite>
