<?xml version="1.0" encoding="UTF-8"?>
<testsuite name="savetheking.game.RookTest" tests="3" skipped="0" failures="0" errors="0" timestamp="2024-12-28T01:34:22" hostname="MacBookPro" time="0.002">
  <properties/>
  <testcase name="testRookBlockedMoves()" classname="savetheking.game.RookTest" time="0.0"/>
  <testcase name="testRookEdgeMoves()" classname="savetheking.game.RookTest" time="0.0"/>
  <testcase name="testRookCenterMoves()" classname="savetheking.game.RookTest" time="0.0"/>
  <system-out><![CDATA[]]></system-out>
  <system-err><![CDATA[]]></system-err>
</testsuite>
