<?xml version="1.0" encoding="UTF-8"?>
<testsuite name="savetheking.game.KnightTest" tests="3" skipped="0" failures="0" errors="0" timestamp="2024-12-28T01:34:22" hostname="MacBookPro" time="0.002">
  <properties/>
  <testcase name="testKnightCenterMoves()" classname="savetheking.game.KnightTest" time="0.0"/>
  <testcase name="testKnightEdgeMoves()" classname="savetheking.game.KnightTest" time="0.001"/>
  <testcase name="testKnightCornerMoves()" classname="savetheking.game.KnightTest" time="0.001"/>
  <system-out><![CDATA[]]></system-out>
  <system-err><![CDATA[]]></system-err>
</testsuite>
