<?xml version="1.0" encoding="UTF-8"?>
<testsuite name="savetheking.game.PointTest" tests="4" skipped="0" failures="0" errors="0" timestamp="2024-12-28T01:34:22" hostname="MacBookPro" time="0.008">
  <properties/>
  <testcase name="testUpperRightCorner()" classname="savetheking.game.PointTest" time="0.004"/>
  <testcase name="testOutOfBounds()" classname="savetheking.game.PointTest" time="0.002"/>
  <testcase name="testLowerLeftCorner()" classname="savetheking.game.PointTest" time="0.0"/>
  <testcase name="testMiddleOfBoard()" classname="savetheking.game.PointTest" time="0.0"/>
  <system-out><![CDATA[]]></system-out>
  <system-err><![CDATA[]]></system-err>
</testsuite>
